/cluster/home/bellwu/Py_Xenium/analyses/02_xen_qc/h4h_scripts/single_pp_indiv_samples.py:48: ImplicitModificationWarning: Setting element `.layers['counts']` of view, initializing view as actual.
  SampleAnnData.layers["counts"] = SampleAnnData.X.copy()
Traceback (most recent call last):
  File "/cluster/home/bellwu/miniconda3/envs/xenium-env/lib/python3.11/site-packages/pandas/core/indexes/base.py", line 3812, in get_loc
    return self._engine.get_loc(casted_key)
           ^^^^^^^^^^^^^^^^^^^^^^^^^^^^^^^^
  File "pandas/_libs/index.pyx", line 167, in pandas._libs.index.IndexEngine.get_loc
  File "pandas/_libs/index.pyx", line 196, in pandas._libs.index.IndexEngine.get_loc
  File "pandas/_libs/hashtable_class_helper.pxi", line 7088, in pandas._libs.hashtable.PyObjectHashTable.get_item
  File "pandas/_libs/hashtable_class_helper.pxi", line 7096, in pandas._libs.hashtable.PyObjectHashTable.get_item
KeyError: 'X_pca'

The above exception was the direct cause of the following exception:

Traceback (most recent call last):
  File "/cluster/home/bellwu/Py_Xenium/analyses/02_xen_qc/h4h_scripts/single_pp_indiv_samples.py", line 68, in <module>
    n_pcs=SampleAnnData.obs['X_pca'].shape[1],
          ~~~~~~~~~~~~~~~~~^^^^^^^^^
  File "/cluster/home/bellwu/miniconda3/envs/xenium-env/lib/python3.11/site-packages/pandas/core/frame.py", line 4113, in __getitem__
    indexer = self.columns.get_loc(key)
              ^^^^^^^^^^^^^^^^^^^^^^^^^
  File "/cluster/home/bellwu/miniconda3/envs/xenium-env/lib/python3.11/site-packages/pandas/core/indexes/base.py", line 3819, in get_loc
    raise KeyError(key) from err
KeyError: 'X_pca'
